Diagnose log at 2026-06-26T02:05:06Z

AppPath: D:\TUDO\Git\mingw64\bin\git-credential-manager.exe
InstallDir: D:\TUDO\Git\mingw64\bin\
Version: 2.7.3+5fa7116896c82164996a609accd1c5ad90fe730a

------------
Diagnostic: Environment
Skipped: False
Success: True
Exception: None
Log:
OSType: Windows
OSVersion: 10.0 (build 26220)
Reading environment variables... OK
 Variables:
OneDriveConsumer=C:\Users\FK_Sedex 2\OneDrive
ProgramFiles(x86)=C:\Program Files (x86)
MSYSTEM=MINGW64
ProgramW6432=C:\Program Files
windir=C:\WINDOWS
ChocolateyInstall=C:\ProgramData\chocolatey
PROCESSOR_IDENTIFIER=Intel64 Family 6 Model 158 Stepping 10, GenuineIntel
EFC_5852_1592913036=1
PROCESSOR_ARCHITECTURE=AMD64
VSCODE_GIT_ASKPASS_MAIN=c:\Users\FK_Sedex 2\AppData\Roaming\Code\User\globalStorage\vscode.git\askpass\70789581cae28aa7\askpass-main.js
Path=D:/TUDO/Git/mingw64/libexec/git-core;D:\TUDO\Git\mingw64\bin;D:\TUDO\Git\usr\bin;C:\Users\FK_Sedex 2\bin;C:\Python313\Scripts\;C:\Python313\;C:\Program Files\Common Files\Oracle\Java\javapath;C:\Program Files (x86)\Common Files\Oracle\Java\javapath;C:\Windows\system32;C:\Windows;C:\Windows\System32\Wbem;C:\Windows\System32\WindowsPowerShell\v1.0\;C:\Windows\System32\OpenSSH\;C:\Program Files (x86)\dotnet\;C:\Program Files (x86)\NVIDIA Corporation\PhysX\Common;C:\Program Files\NVIDIA Corporation\NVIDIA NvDLISR;C:\WINDOWS\system32;C:\WINDOWS;C:\WINDOWS\System32\Wbem;C:\WINDOWS\System32\WindowsPowerShell\v1.0\;C:\WINDOWS\System32\OpenSSH\;D:\Programação\;C:\ProgramData\chocolatey\bin;D:\TUDO\Git\cmd;C:\Users\FK_Sedex 2\AppData\Local\Programs\Python\Python311\Scripts\;C:\Users\FK_Sedex 2\AppData\Local\Programs\Python\Python311\;C:\Users\FK_Sedex 2\AppData\Local\Microsoft\WindowsApps;D:\TUDO\Microsoft VS Code\bin;C:\Users\FK_Sedex 2\AppData\Local\GitHubDesktop\bin;C:\Users\FK_Sedex 2\AppData\Roaming\npm;
EFC_5852_1262719628=1
USERPROFILE=C:\Users\FK_Sedex 2
VSCODE_GIT_IPC_HANDLE=\\.\pipe\vscode-git-5a56150ff9-sock
PROCESSOR_REVISION=9e0a
ChocolateyLastPathUpdate=133988242332941555
FPS_BROWSER_APP_PROFILE_STRING=Internet Explorer
FPS_BROWSER_USER_PROFILE_STRING=Default
LOGONSERVER=\\PC-FEMAGON
TEMP=C:\Users\FK_SED~1\AppData\Local\Temp
USERNAME=FK_Sedex
SystemRoot=C:\WINDOWS
CHROME_CRASHPAD_PIPE_NAME=\\.\pipe\crashpad_6836_AMGSAATHPSNVRUQG
GIT_EXEC_PATH=D:/TUDO/Git/mingw64/libexec/git-core
PLINK_PROTOCOL=ssh
VSCODE_A11Y_MODE=0
OneDrive=C:\Users\FK_Sedex 2\OneDrive
USERDOMAIN_ROAMINGPROFILE=PC-FEMAGON
VSCODE_NONCE=ba809afd-fb25-4084-bd60-70efe41288f5
CommonProgramFiles=C:\Program Files\Common Files
VSCODE_INJECTION=1
ProgramData=C:\ProgramData
LANG=en_US.UTF-8
GIT_ASKPASS=c:\Users\FK_Sedex 2\AppData\Roaming\Code\User\globalStorage\vscode.git\askpass\70789581cae28aa7\askpass.sh
HOMEPATH=\Users\FK_Sedex 2
COMPUTERNAME=PC-FEMAGON
_JAVA_OPTIONS= -Xmx512M
VSCODE_GIT_ASKPASS_NODE=D:\TUDO\Microsoft VS Code\Code.exe
ALLUSERSPROFILE=C:\ProgramData
CommonProgramW6432=C:\Program Files\Common Files
EFC_5852_2775293581=1
TMP=C:\Users\FK_SED~1\AppData\Local\Temp
TERM=xterm-256color
SESSIONNAME=Console
DriverData=C:\Windows\System32\Drivers\DriverData
HOMEDRIVE=C:
EFC_5852_2283032206=1
GIT_TRACE2_PARENT_SID=e5bae128-6221-4248-a186-dcacc8405bd3
SystemDrive=C:
NUMBER_OF_PROCESSORS=6
OS=Windows_NT
ProgramFiles=C:\Program Files
ComSpec=C:\WINDOWS\system32\cmd.exe
VSCODE_STABLE=1
PATHEXT=.COM;.EXE;.BAT;.CMD;.VBS;.VBE;.JS;.JSE;.WSF;.WSH;.MSC;.PY;.PYW;.CPL
HOME=C:\Users\FK_Sedex 2
PSModulePath=C:\Users\FK_Sedex 2\Documents\WindowsPowerShell\Modules;C:\Program Files\WindowsPowerShell\Modules;C:\WINDOWS\system32\WindowsPowerShell\v1.0\Modules
TMPDIR=C:\Users\FK_SED~1\AppData\Local\Temp
APPDATA=C:\Users\FK_Sedex 2\AppData\Roaming
USERDOMAIN=PC-FEMAGON
PROCESSOR_LEVEL=6
LOCALAPPDATA=C:\Users\FK_Sedex 2\AppData\Local
EFC_5852_3789132940=1
TERM_PROGRAM_VERSION=1.126.0
CommonProgramFiles(x86)=C:\Program Files (x86)\Common Files
COLORTERM=truecolor
PUBLIC=C:\Users\Public
TERM_PROGRAM=vscode
VSCODE_GIT_ASKPASS_EXTRA_ARGS=


------------
Diagnostic: File system
Skipped: False
Success: True
Exception: None
Log:
Temporary directory is 'C:\Users\FK_Sedex 2\AppData\Local\Temp\'...
Checking basic file I/O...
Writing to temporary file 'C:\Users\FK_Sedex 2\AppData\Local\Temp\7d1943b79b37a2874345ab6d'... OK
Reading from temporary file 'C:\Users\FK_Sedex 2\AppData\Local\Temp\7d1943b79b37a2874345ab6d'... OK
Deleting temporary file 'C:\Users\FK_Sedex 2\AppData\Local\Temp\7d1943b79b37a2874345ab6d'... OK
Testing IFileSystem instance...
UserHomePath: C:\Users\FK_Sedex 2
UserDataDirectoryPath: C:\Users\FK_Sedex 2\.gcm
GetCurrentDirectory(): C:\Users\FK_Sedex 2\Desktop\Univates\CRUD-Biblioteca

------------
Diagnostic: Networking
Skipped: False
Success: True
Exception: None
Log:
Checking networking and HTTP stack...
Creating HTTP client... OK
IsNetworkAvailable: True
Sending HEAD request to http://example.com...Sending HEAD request to https://example.com... OK
 OK
Acquiring free TCP port... OK
Testing local HTTP loopback connections...
Creating new HTTP listener for http://localhost:63436/... OK
Waiting for loopback connection... OK
Writing response... OK
Waiting for response data... OK
Loopback connection data OK

------------
Diagnostic: Git
Skipped: False
Success: True
Exception: None
Log:
Getting Git version... OK
Git version is '2.53.0.windows.2'
Locating current repository...Git repository at 'C:/Users/FK_Sedex 2/Desktop/Univates/CRUD-Biblioteca/.git'
 OK
Listing all Git configuration... OK
Git configuration:
file:D:/TUDO/Git/etc/gitconfig	diff.astextplain.textconv=astextplain
file:D:/TUDO/Git/etc/gitconfig	filter.lfs.clean=git-lfs clean -- %f
file:D:/TUDO/Git/etc/gitconfig	filter.lfs.smudge=git-lfs smudge -- %f
file:D:/TUDO/Git/etc/gitconfig	filter.lfs.process=git-lfs filter-process
file:D:/TUDO/Git/etc/gitconfig	filter.lfs.required=true
file:D:/TUDO/Git/etc/gitconfig	http.sslbackend=schannel
file:D:/TUDO/Git/etc/gitconfig	core.autocrlf=true
file:D:/TUDO/Git/etc/gitconfig	core.fscache=true
file:D:/TUDO/Git/etc/gitconfig	core.symlinks=false
file:D:/TUDO/Git/etc/gitconfig	pull.rebase=false
file:D:/TUDO/Git/etc/gitconfig	credential.helper=manager
file:D:/TUDO/Git/etc/gitconfig	credential.https://dev.azure.com.usehttppath=true
file:D:/TUDO/Git/etc/gitconfig	init.defaultbranch=master
file:C:/Users/FK_Sedex 2/.gitconfig	core.editor="D:\TUDO\Microsoft VS Code\bin\code" --wait
file:C:/Users/FK_Sedex 2/.gitconfig	filter.lfs.clean=git-lfs clean -- %f
file:C:/Users/FK_Sedex 2/.gitconfig	filter.lfs.smudge=git-lfs smudge -- %f
file:C:/Users/FK_Sedex 2/.gitconfig	filter.lfs.process=git-lfs filter-process
file:C:/Users/FK_Sedex 2/.gitconfig	filter.lfs.required=true
file:C:/Users/FK_Sedex 2/.gitconfig	user.name=Fernando
file:C:/Users/FK_Sedex 2/.gitconfig	user.email=fernando.weizenmann@universo.univates.br
file:C:/Users/FK_Sedex 2/.gitconfig	gui.recentrepo=C:/Users/FK_Sedex 2/Desktop/Univates/Desenvolvimento Web
file:C:/Users/FK_Sedex 2/.gitconfig	credential.helper=manager
file:.git/config	core.repositoryformatversion=0
file:.git/config	core.filemode=false
file:.git/config	core.bare=false
file:.git/config	core.logallrefupdates=true
file:.git/config	core.symlinks=false
file:.git/config	core.ignorecase=true
file:.git/config	remote.origin.url=https://github.com/FeMagonUnivates/CRUD-Biblioteca.git
file:.git/config	remote.origin.fetch=+refs/heads/*:refs/remotes/origin/*
file:.git/config	branch.main.remote=origin
file:.git/config	branch.main.merge=refs/heads/main
file:.git/config	branch.main.vscode-merge-base=origin/main


------------
Diagnostic: Credential storage
Skipped: False
Success: True
Exception: None
Log:
ICredentialStore instance is of type: CredentialStore
Writing test credential... OK
Reading test credential... OK
Deleting test credential... OK

------------
Diagnostic: Microsoft authentication (AAD/MSA)
Skipped: False
Success: True
Exception: None
Log:
Broker is not enabled.
Flow type is: Auto
Gathering MSAL token cache data... OK
CacheDirectory: C:\Users\FK_Sedex 2\AppData\Local\.IdentityService
CacheFileName: msal.cache
CacheFilePath: C:\Users\FK_Sedex 2\AppData\Local\.IdentityService\msal.cache
Creating cache helper... OK
Verifying MSAL token cache persistence... OK

------------
Diagnostic: GitHub API
Skipped: False
Success: True
Exception: None
Log:
Using 'https://github.com/' as API target.
Querying '/meta' endpoint... OK

